<?xml version="1.0" encoding="UTF-8"?>
<testng-results ignored="0" total="1" passed="1" failed="0" skipped="0">
  <reporter-output>
  </reporter-output>
  <suite started-at="2024-09-05T11:26:58 GMT-04:00" name="Default suite" finished-at="2024-09-05T11:27:25 GMT-04:00" duration-ms="26716">
    <groups>
    </groups>
    <test started-at="2024-09-05T11:26:58 GMT-04:00" name="Default test" finished-at="2024-09-05T11:27:25 GMT-04:00" duration-ms="26716">
      <class name="sivap.yut">
        <test-method signature="secondmethod()[pri:0, instance:sivap.yut@76b1e9b8]" started-at="2024-09-05T11:26:59 GMT-04:00" name="secondmethod" finished-at="2024-09-05T11:27:25 GMT-04:00" duration-ms="26630" status="PASS">
          <reporter-output>
          </reporter-output>
        </test-method> <!-- secondmethod -->
      </class> <!-- sivap.yut -->
    </test> <!-- Default test -->
  </suite> <!-- Default suite -->
</testng-results>
